<?xml version="1.0" encoding="UTF-8"?>
<TestRun id="c48c4dea-c66f-4091-97d2-8f5c2d69f7a7" name="saupadhyay@DEVSAUPADHYAY 2017-05-05 15:42:25" runUser="VISTAPRINTUS\saupadhyay" xmlns="http://microsoft.com/schemas/VisualStudio/TeamTest/2010">
  <TestSettings name="Default Test Settings" id="5451edbe-18f2-48d9-901d-75c666fd756e">
    <Execution>
      <TestTypeSpecific />
      <AgentRule name="Execution Agents">
      </AgentRule>
    </Execution>
    <Deployment runDeploymentRoot="saupadhyay_DEVSAUPADHYAY 2017-05-05 15_42_25" />
    <Properties />
  </TestSettings>
  <Times creation="2017-05-05T15:42:25.0057536-04:00" queuing="2017-05-05T15:42:25.5917536-04:00" start="2017-05-05T15:42:25.7447536-04:00" finish="2017-05-05T15:42:26.2697536-04:00" />
  <ResultSummary outcome="Completed">
    <Counters total="1" executed="1" passed="1" error="0" failed="0" timeout="0" aborted="0" inconclusive="0" passedButRunAborted="0" notRunnable="0" notExecuted="0" disconnected="0" warning="0" completed="0" inProgress="0" pending="0" />
  </ResultSummary>
  <TestDefinitions>
    <UnitTest name="printingTest" storage="c:\users\saupadhyay\documents\hellojenkins\jenkinstests\bin\debug\jenkinstests.dll" id="2882c9da-a9d6-a484-db03-3e33029fcf00">
      <Execution id="66709cb9-7fb9-4224-8026-6cdc55f77fa0" />
      <TestMethod codeBase="C:/Users/saupadhyay/Documents/HelloJenkins/JenkinsTests/bin/Debug/JenkinsTests.DLL" adapterTypeName="Microsoft.VisualStudio.TestTools.TestTypes.Unit.UnitTestAdapter, Microsoft.VisualStudio.QualityTools.Tips.UnitTest.Adapter, Version=14.0.0.0, Culture=neutral, PublicKeyToken=b03f5f7f11d50a3a" className="HelloJenkins.Tests.ProgramTests, JenkinsTests, Version=1.0.0.0, Culture=neutral, PublicKeyToken=null" name="printingTest" />
    </UnitTest>
  </TestDefinitions>
  <TestLists>
    <TestList name="Results Not in a List" id="8c84fa94-04c1-424b-9868-57a2d4851a1d" />
    <TestList name="All Loaded Results" id="19431567-8539-422a-85d7-44ee4e166bda" />
  </TestLists>
  <TestEntries>
    <TestEntry testId="2882c9da-a9d6-a484-db03-3e33029fcf00" executionId="66709cb9-7fb9-4224-8026-6cdc55f77fa0" testListId="8c84fa94-04c1-424b-9868-57a2d4851a1d" />
  </TestEntries>
  <Results>
    <UnitTestResult executionId="66709cb9-7fb9-4224-8026-6cdc55f77fa0" testId="2882c9da-a9d6-a484-db03-3e33029fcf00" testName="printingTest" computerName="DEVSAUPADHYAY" duration="00:00:00.0129070" startTime="2017-05-05T15:42:25.8467536-04:00" endTime="2017-05-05T15:42:26.2197536-04:00" testType="13cdc9d9-ddb5-4fa4-a97d-d965ccfc6d4b" outcome="Passed" testListId="8c84fa94-04c1-424b-9868-57a2d4851a1d" relativeResultsDirectory="66709cb9-7fb9-4224-8026-6cdc55f77fa0">
    </UnitTestResult>
  </Results>
</TestRun>